Vivado Simulator v2025.2
Copyright 1986-2022 Xilinx, Inc. All Rights Reserved.
Copyright 2022-2025 Advanced Micro Devices, Inc. All Rights Reserved.
Running: C:/AMDDesignTools/2025.2/Vivado/bin/unwrapped/win64.o/xelab.exe --incr --debug typical --relax --mt 2 -L xil_defaultlib -L uvm -L unisims_ver -L unimacro_ver -L secureip --snapshot tb_systolic_mac_array_behav xil_defaultlib.tb_systolic_mac_array xil_defaultlib.glbl -log elaborate.log 
Using 2 slave threads.
Starting static elaboration
Pass Through NonSizing Optimizer
Completed static elaboration
Starting simulation data flow analysis
WARNING: [XSIM 43-4099] "C:/Users/SPC/Desktop/VLSI Projects/Thermal Aware MAC Array/thermal_aware_mac_array/thermal_aware_mac_array.srcs/sources_1/new/systolic_mac_array.sv" Line 1. Module systolic_mac_array(N=16) doesn't have a timescale but at least one module in design has a timescale.
WARNING: [XSIM 43-4099] "C:/Users/SPC/Desktop/VLSI Projects/Thermal Aware MAC Array/thermal_aware_mac_array/thermal_aware_mac_array.srcs/sources_1/new/systolic_mac_cell.sv" Line 1. Module systolic_mac_cell doesn't have a timescale but at least one module in design has a timescale.
WARNING: [XSIM 43-4099] "C:/Users/SPC/Desktop/VLSI Projects/Thermal Aware MAC Array/thermal_aware_mac_array/thermal_aware_mac_array.srcs/sources_1/new/systolic_mac_cell.sv" Line 1. Module systolic_mac_cell doesn't have a timescale but at least one module in design has a timescale.
WARNING: [XSIM 43-4099] "C:/Users/SPC/Desktop/VLSI Projects/Thermal Aware MAC Array/thermal_aware_mac_array/thermal_aware_mac_array.srcs/sources_1/new/systolic_mac_cell.sv" Line 1. Module systolic_mac_cell doesn't have a timescale but at least one module in design has a timescale.
WARNING: [XSIM 43-4099] "C:/Users/SPC/Desktop/VLSI Projects/Thermal Aware MAC Array/thermal_aware_mac_array/thermal_aware_mac_array.srcs/sources_1/new/systolic_mac_cell.sv" Line 1. Module systolic_mac_cell doesn't have a timescale but at least one module in design has a timescale.
WARNING: [XSIM 43-4099] "C:/Users/SPC/Desktop/VLSI Projects/Thermal Aware MAC Array/thermal_aware_mac_array/thermal_aware_mac_array.srcs/sources_1/new/systolic_mac_cell.sv" Line 1. Module systolic_mac_cell doesn't have a timescale but at least one module in design has a timescale.
WARNING: [XSIM 43-4099] "C:/Users/SPC/Desktop/VLSI Projects/Thermal Aware MAC Array/thermal_aware_mac_array/thermal_aware_mac_array.srcs/sources_1/new/systolic_mac_cell.sv" Line 1. Module systolic_mac_cell doesn't have a timescale but at least one module in design has a timescale.
WARNING: [XSIM 43-4099] "C:/Users/SPC/Desktop/VLSI Projects/Thermal Aware MAC Array/thermal_aware_mac_array/thermal_aware_mac_array.srcs/sources_1/new/systolic_mac_cell.sv" Line 1. Module systolic_mac_cell doesn't have a timescale but at least one module in design has a timescale.
WARNING: [XSIM 43-4099] "C:/Users/SPC/Desktop/VLSI Projects/Thermal Aware MAC Array/thermal_aware_mac_array/thermal_aware_mac_array.srcs/sources_1/new/systolic_mac_cell.sv" Line 1. Module systolic_mac_cell doesn't have a timescale but at least one module in design has a timescale.
WARNING: [XSIM 43-4099] "C:/Users/SPC/Desktop/VLSI Projects/Thermal Aware MAC Array/thermal_aware_mac_array/thermal_aware_mac_array.srcs/sources_1/new/systolic_mac_cell.sv" Line 1. Module systolic_mac_cell doesn't have a timescale but at least one module in design has a timescale.
WARNING: [XSIM 43-4099] "C:/Users/SPC/Desktop/VLSI Projects/Thermal Aware MAC Array/thermal_aware_mac_array/thermal_aware_mac_array.srcs/sources_1/new/systolic_mac_cell.sv" Line 1. Module systolic_mac_cell doesn't have a timescale but at least one module in design has a timescale.
WARNING: [XSIM 43-4099] "C:/Users/SPC/Desktop/VLSI Projects/Thermal Aware MAC Array/thermal_aware_mac_array/thermal_aware_mac_array.srcs/sources_1/new/systolic_mac_cell.sv" Line 1. Module systolic_mac_cell doesn't have a timescale but at least one module in design has a timescale.
WARNING: [XSIM 43-4099] "C:/Users/SPC/Desktop/VLSI Projects/Thermal Aware MAC Array/thermal_aware_mac_array/thermal_aware_mac_array.srcs/sources_1/new/systolic_mac_cell.sv" Line 1. Module systolic_mac_cell doesn't have a timescale but at least one module in design has a timescale.
WARNING: [XSIM 43-4099] "C:/Users/SPC/Desktop/VLSI Projects/Thermal Aware MAC Array/thermal_aware_mac_array/thermal_aware_mac_array.srcs/sources_1/new/systolic_mac_cell.sv" Line 1. Module systolic_mac_cell doesn't have a timescale but at least one module in design has a timescale.
WARNING: [XSIM 43-4099] "C:/Users/SPC/Desktop/VLSI Projects/Thermal Aware MAC Array/thermal_aware_mac_array/thermal_aware_mac_array.srcs/sources_1/new/systolic_mac_cell.sv" Line 1. Module systolic_mac_cell doesn't have a timescale but at least one module in design has a timescale.
WARNING: [XSIM 43-4099] "C:/Users/SPC/Desktop/VLSI Projects/Thermal Aware MAC Array/thermal_aware_mac_array/thermal_aware_mac_array.srcs/sources_1/new/systolic_mac_cell.sv" Line 1. Module systolic_mac_cell doesn't have a timescale but at least one module in design has a timescale.
WARNING: [XSIM 43-4099] "C:/Users/SPC/Desktop/VLSI Projects/Thermal Aware MAC Array/thermal_aware_mac_array/thermal_aware_mac_array.srcs/sources_1/new/systolic_mac_cell.sv" Line 1. Module systolic_mac_cell doesn't have a timescale but at least one module in design has a timescale.
WARNING: [XSIM 43-4099] "C:/Users/SPC/Desktop/VLSI Projects/Thermal Aware MAC Array/thermal_aware_mac_array/thermal_aware_mac_array.srcs/sources_1/new/systolic_mac_cell.sv" Line 1. Module systolic_mac_cell doesn't have a timescale but at least one module in design has a timescale.
WARNING: [XSIM 43-4099] "C:/Users/SPC/Desktop/VLSI Projects/Thermal Aware MAC Array/thermal_aware_mac_array/thermal_aware_mac_array.srcs/sources_1/new/systolic_mac_cell.sv" Line 1. Module systolic_mac_cell doesn't have a timescale but at least one module in design has a timescale.
WARNING: [XSIM 43-4099] "C:/Users/SPC/Desktop/VLSI Projects/Thermal Aware MAC Array/thermal_aware_mac_array/thermal_aware_mac_array.srcs/sources_1/new/systolic_mac_cell.sv" Line 1. Module systolic_mac_cell doesn't have a timescale but at least one module in design has a timescale.
WARNING: [XSIM 43-4099] "C:/Users/SPC/Desktop/VLSI Projects/Thermal Aware MAC Array/thermal_aware_mac_array/thermal_aware_mac_array.srcs/sources_1/new/systolic_mac_cell.sv" Line 1. Module systolic_mac_cell doesn't have a timescale but at least one module in design has a timescale.
WARNING: [XSIM 43-4099] "C:/Users/SPC/Desktop/VLSI Projects/Thermal Aware MAC Array/thermal_aware_mac_array/thermal_aware_mac_array.srcs/sources_1/new/systolic_mac_cell.sv" Line 1. Module systolic_mac_cell doesn't have a timescale but at least one module in design has a timescale.
WARNING: [XSIM 43-4099] "C:/Users/SPC/Desktop/VLSI Projects/Thermal Aware MAC Array/thermal_aware_mac_array/thermal_aware_mac_array.srcs/sources_1/new/systolic_mac_cell.sv" Line 1. Module systolic_mac_cell doesn't have a timescale but at least one module in design has a timescale.
WARNING: [XSIM 43-4099] "C:/Users/SPC/Desktop/VLSI Projects/Thermal Aware MAC Array/thermal_aware_mac_array/thermal_aware_mac_array.srcs/sources_1/new/systolic_mac_cell.sv" Line 1. Module systolic_mac_cell doesn't have a timescale but at least one module in design has a timescale.
WARNING: [XSIM 43-4099] "C:/Users/SPC/Desktop/VLSI Projects/Thermal Aware MAC Array/thermal_aware_mac_array/thermal_aware_mac_array.srcs/sources_1/new/systolic_mac_cell.sv" Line 1. Module systolic_mac_cell doesn't have a timescale but at least one module in design has a timescale.
WARNING: [XSIM 43-4099] "C:/Users/SPC/Desktop/VLSI Projects/Thermal Aware MAC Array/thermal_aware_mac_array/thermal_aware_mac_array.srcs/sources_1/new/systolic_mac_cell.sv" Line 1. Module systolic_mac_cell doesn't have a timescale but at least one module in design has a timescale.
WARNING: [XSIM 43-4099] "C:/Users/SPC/Desktop/VLSI Projects/Thermal Aware MAC Array/thermal_aware_mac_array/thermal_aware_mac_array.srcs/sources_1/new/systolic_mac_cell.sv" Line 1. Module systolic_mac_cell doesn't have a timescale but at least one module in design has a timescale.
WARNING: [XSIM 43-4099] "C:/Users/SPC/Desktop/VLSI Projects/Thermal Aware MAC Array/thermal_aware_mac_array/thermal_aware_mac_array.srcs/sources_1/new/systolic_mac_cell.sv" Line 1. Module systolic_mac_cell doesn't have a timescale but at least one module in design has a timescale.
WARNING: [XSIM 43-4099] "C:/Users/SPC/Desktop/VLSI Projects/Thermal Aware MAC Array/thermal_aware_mac_array/thermal_aware_mac_array.srcs/sources_1/new/systolic_mac_cell.sv" Line 1. Module systolic_mac_cell doesn't have a timescale but at least one module in design has a timescale.
WARNING: [XSIM 43-4099] "C:/Users/SPC/Desktop/VLSI Projects/Thermal Aware MAC Array/thermal_aware_mac_array/thermal_aware_mac_array.srcs/sources_1/new/systolic_mac_cell.sv" Line 1. Module systolic_mac_cell doesn't have a timescale but at least one module in design has a timescale.
WARNING: [XSIM 43-4099] "C:/Users/SPC/Desktop/VLSI Projects/Thermal Aware MAC Array/thermal_aware_mac_array/thermal_aware_mac_array.srcs/sources_1/new/systolic_mac_cell.sv" Line 1. Module systolic_mac_cell doesn't have a timescale but at least one module in design has a timescale.
WARNING: [XSIM 43-4099] "C:/Users/SPC/Desktop/VLSI Projects/Thermal Aware MAC Array/thermal_aware_mac_array/thermal_aware_mac_array.srcs/sources_1/new/systolic_mac_cell.sv" Line 1. Module systolic_mac_cell doesn't have a timescale but at least one module in design has a timescale.
WARNING: [XSIM 43-4099] "C:/Users/SPC/Desktop/VLSI Projects/Thermal Aware MAC Array/thermal_aware_mac_array/thermal_aware_mac_array.srcs/sources_1/new/systolic_mac_cell.sv" Line 1. Module systolic_mac_cell doesn't have a timescale but at least one module in design has a timescale.
WARNING: [XSIM 43-4099] "C:/Users/SPC/Desktop/VLSI Projects/Thermal Aware MAC Array/thermal_aware_mac_array/thermal_aware_mac_array.srcs/sources_1/new/systolic_mac_cell.sv" Line 1. Module systolic_mac_cell doesn't have a timescale but at least one module in design has a timescale.
WARNING: [XSIM 43-4099] "C:/Users/SPC/Desktop/VLSI Projects/Thermal Aware MAC Array/thermal_aware_mac_array/thermal_aware_mac_array.srcs/sources_1/new/systolic_mac_cell.sv" Line 1. Module systolic_mac_cell doesn't have a timescale but at least one module in design has a timescale.
WARNING: [XSIM 43-4099] "C:/Users/SPC/Desktop/VLSI Projects/Thermal Aware MAC Array/thermal_aware_mac_array/thermal_aware_mac_array.srcs/sources_1/new/systolic_mac_cell.sv" Line 1. Module systolic_mac_cell doesn't have a timescale but at least one module in design has a timescale.
WARNING: [XSIM 43-4099] "C:/Users/SPC/Desktop/VLSI Projects/Thermal Aware MAC Array/thermal_aware_mac_array/thermal_aware_mac_array.srcs/sources_1/new/systolic_mac_cell.sv" Line 1. Module systolic_mac_cell doesn't have a timescale but at least one module in design has a timescale.
WARNING: [XSIM 43-4099] "C:/Users/SPC/Desktop/VLSI Projects/Thermal Aware MAC Array/thermal_aware_mac_array/thermal_aware_mac_array.srcs/sources_1/new/systolic_mac_cell.sv" Line 1. Module systolic_mac_cell doesn't have a timescale but at least one module in design has a timescale.
WARNING: [XSIM 43-4099] "C:/Users/SPC/Desktop/VLSI Projects/Thermal Aware MAC Array/thermal_aware_mac_array/thermal_aware_mac_array.srcs/sources_1/new/systolic_mac_cell.sv" Line 1. Module systolic_mac_cell doesn't have a timescale but at least one module in design has a timescale.
WARNING: [XSIM 43-4099] "C:/Users/SPC/Desktop/VLSI Projects/Thermal Aware MAC Array/thermal_aware_mac_array/thermal_aware_mac_array.srcs/sources_1/new/systolic_mac_cell.sv" Line 1. Module systolic_mac_cell doesn't have a timescale but at least one module in design has a timescale.
WARNING: [XSIM 43-4099] "C:/Users/SPC/Desktop/VLSI Projects/Thermal Aware MAC Array/thermal_aware_mac_array/thermal_aware_mac_array.srcs/sources_1/new/systolic_mac_cell.sv" Line 1. Module systolic_mac_cell doesn't have a timescale but at least one module in design has a timescale.
WARNING: [XSIM 43-4099] "C:/Users/SPC/Desktop/VLSI Projects/Thermal Aware MAC Array/thermal_aware_mac_array/thermal_aware_mac_array.srcs/sources_1/new/systolic_mac_cell.sv" Line 1. Module systolic_mac_cell doesn't have a timescale but at least one module in design has a timescale.
WARNING: [XSIM 43-4099] "C:/Users/SPC/Desktop/VLSI Projects/Thermal Aware MAC Array/thermal_aware_mac_array/thermal_aware_mac_array.srcs/sources_1/new/systolic_mac_cell.sv" Line 1. Module systolic_mac_cell doesn't have a timescale but at least one module in design has a timescale.
WARNING: [XSIM 43-4099] "C:/Users/SPC/Desktop/VLSI Projects/Thermal Aware MAC Array/thermal_aware_mac_array/thermal_aware_mac_array.srcs/sources_1/new/systolic_mac_cell.sv" Line 1. Module systolic_mac_cell doesn't have a timescale but at least one module in design has a timescale.
WARNING: [XSIM 43-4099] "C:/Users/SPC/Desktop/VLSI Projects/Thermal Aware MAC Array/thermal_aware_mac_array/thermal_aware_mac_array.srcs/sources_1/new/systolic_mac_cell.sv" Line 1. Module systolic_mac_cell doesn't have a timescale but at least one module in design has a timescale.
WARNING: [XSIM 43-4099] "C:/Users/SPC/Desktop/VLSI Projects/Thermal Aware MAC Array/thermal_aware_mac_array/thermal_aware_mac_array.srcs/sources_1/new/systolic_mac_cell.sv" Line 1. Module systolic_mac_cell doesn't have a timescale but at least one module in design has a timescale.
WARNING: [XSIM 43-4099] "C:/Users/SPC/Desktop/VLSI Projects/Thermal Aware MAC Array/thermal_aware_mac_array/thermal_aware_mac_array.srcs/sources_1/new/systolic_mac_cell.sv" Line 1. Module systolic_mac_cell doesn't have a timescale but at least one module in design has a timescale.
WARNING: [XSIM 43-4099] "C:/Users/SPC/Desktop/VLSI Projects/Thermal Aware MAC Array/thermal_aware_mac_array/thermal_aware_mac_array.srcs/sources_1/new/systolic_mac_cell.sv" Line 1. Module systolic_mac_cell doesn't have a timescale but at least one module in design has a timescale.
WARNING: [XSIM 43-4099] "C:/Users/SPC/Desktop/VLSI Projects/Thermal Aware MAC Array/thermal_aware_mac_array/thermal_aware_mac_array.srcs/sources_1/new/systolic_mac_cell.sv" Line 1. Module systolic_mac_cell doesn't have a timescale but at least one module in design has a timescale.
WARNING: [XSIM 43-4099] "C:/Users/SPC/Desktop/VLSI Projects/Thermal Aware MAC Array/thermal_aware_mac_array/thermal_aware_mac_array.srcs/sources_1/new/systolic_mac_cell.sv" Line 1. Module systolic_mac_cell doesn't have a timescale but at least one module in design has a timescale.
WARNING: [XSIM 43-4099] "C:/Users/SPC/Desktop/VLSI Projects/Thermal Aware MAC Array/thermal_aware_mac_array/thermal_aware_mac_array.srcs/sources_1/new/systolic_mac_cell.sv" Line 1. Module systolic_mac_cell doesn't have a timescale but at least one module in design has a timescale.
WARNING: [XSIM 43-4099] "C:/Users/SPC/Desktop/VLSI Projects/Thermal Aware MAC Array/thermal_aware_mac_array/thermal_aware_mac_array.srcs/sources_1/new/systolic_mac_cell.sv" Line 1. Module systolic_mac_cell doesn't have a timescale but at least one module in design has a timescale.
WARNING: [XSIM 43-4099] "C:/Users/SPC/Desktop/VLSI Projects/Thermal Aware MAC Array/thermal_aware_mac_array/thermal_aware_mac_array.srcs/sources_1/new/systolic_mac_cell.sv" Line 1. Module systolic_mac_cell doesn't have a timescale but at least one module in design has a timescale.
WARNING: [XSIM 43-4099] "C:/Users/SPC/Desktop/VLSI Projects/Thermal Aware MAC Array/thermal_aware_mac_array/thermal_aware_mac_array.srcs/sources_1/new/systolic_mac_cell.sv" Line 1. Module systolic_mac_cell doesn't have a timescale but at least one module in design has a timescale.
WARNING: [XSIM 43-4099] "C:/Users/SPC/Desktop/VLSI Projects/Thermal Aware MAC Array/thermal_aware_mac_array/thermal_aware_mac_array.srcs/sources_1/new/systolic_mac_cell.sv" Line 1. Module systolic_mac_cell doesn't have a timescale but at least one module in design has a timescale.
WARNING: [XSIM 43-4099] "C:/Users/SPC/Desktop/VLSI Projects/Thermal Aware MAC Array/thermal_aware_mac_array/thermal_aware_mac_array.srcs/sources_1/new/systolic_mac_cell.sv" Line 1. Module systolic_mac_cell doesn't have a timescale but at least one module in design has a timescale.
WARNING: [XSIM 43-4099] "C:/Users/SPC/Desktop/VLSI Projects/Thermal Aware MAC Array/thermal_aware_mac_array/thermal_aware_mac_array.srcs/sources_1/new/systolic_mac_cell.sv" Line 1. Module systolic_mac_cell doesn't have a timescale but at least one module in design has a timescale.
WARNING: [XSIM 43-4099] "C:/Users/SPC/Desktop/VLSI Projects/Thermal Aware MAC Array/thermal_aware_mac_array/thermal_aware_mac_array.srcs/sources_1/new/systolic_mac_cell.sv" Line 1. Module systolic_mac_cell doesn't have a timescale but at least one module in design has a timescale.
WARNING: [XSIM 43-4099] "C:/Users/SPC/Desktop/VLSI Projects/Thermal Aware MAC Array/thermal_aware_mac_array/thermal_aware_mac_array.srcs/sources_1/new/systolic_mac_cell.sv" Line 1. Module systolic_mac_cell doesn't have a timescale but at least one module in design has a timescale.
WARNING: [XSIM 43-4099] "C:/Users/SPC/Desktop/VLSI Projects/Thermal Aware MAC Array/thermal_aware_mac_array/thermal_aware_mac_array.srcs/sources_1/new/systolic_mac_cell.sv" Line 1. Module systolic_mac_cell doesn't have a timescale but at least one module in design has a timescale.
WARNING: [XSIM 43-4099] "C:/Users/SPC/Desktop/VLSI Projects/Thermal Aware MAC Array/thermal_aware_mac_array/thermal_aware_mac_array.srcs/sources_1/new/systolic_mac_cell.sv" Line 1. Module systolic_mac_cell doesn't have a timescale but at least one module in design has a timescale.
WARNING: [XSIM 43-4099] "C:/Users/SPC/Desktop/VLSI Projects/Thermal Aware MAC Array/thermal_aware_mac_array/thermal_aware_mac_array.srcs/sources_1/new/systolic_mac_cell.sv" Line 1. Module systolic_mac_cell doesn't have a timescale but at least one module in design has a timescale.
WARNING: [XSIM 43-4099] "C:/Users/SPC/Desktop/VLSI Projects/Thermal Aware MAC Array/thermal_aware_mac_array/thermal_aware_mac_array.srcs/sources_1/new/systolic_mac_cell.sv" Line 1. Module systolic_mac_cell doesn't have a timescale but at least one module in design has a timescale.
WARNING: [XSIM 43-4099] "C:/Users/SPC/Desktop/VLSI Projects/Thermal Aware MAC Array/thermal_aware_mac_array/thermal_aware_mac_array.srcs/sources_1/new/systolic_mac_cell.sv" Line 1. Module systolic_mac_cell doesn't have a timescale but at least one module in design has a timescale.
WARNING: [XSIM 43-4099] "C:/Users/SPC/Desktop/VLSI Projects/Thermal Aware MAC Array/thermal_aware_mac_array/thermal_aware_mac_array.srcs/sources_1/new/systolic_mac_cell.sv" Line 1. Module systolic_mac_cell doesn't have a timescale but at least one module in design has a timescale.
WARNING: [XSIM 43-4099] "C:/Users/SPC/Desktop/VLSI Projects/Thermal Aware MAC Array/thermal_aware_mac_array/thermal_aware_mac_array.srcs/sources_1/new/systolic_mac_cell.sv" Line 1. Module systolic_mac_cell doesn't have a timescale but at least one module in design has a timescale.
WARNING: [XSIM 43-4099] "C:/Users/SPC/Desktop/VLSI Projects/Thermal Aware MAC Array/thermal_aware_mac_array/thermal_aware_mac_array.srcs/sources_1/new/systolic_mac_cell.sv" Line 1. Module systolic_mac_cell doesn't have a timescale but at least one module in design has a timescale.
WARNING: [XSIM 43-4099] "C:/Users/SPC/Desktop/VLSI Projects/Thermal Aware MAC Array/thermal_aware_mac_array/thermal_aware_mac_array.srcs/sources_1/new/systolic_mac_cell.sv" Line 1. Module systolic_mac_cell doesn't have a timescale but at least one module in design has a timescale.
WARNING: [XSIM 43-4099] "C:/Users/SPC/Desktop/VLSI Projects/Thermal Aware MAC Array/thermal_aware_mac_array/thermal_aware_mac_array.srcs/sources_1/new/systolic_mac_cell.sv" Line 1. Module systolic_mac_cell doesn't have a timescale but at least one module in design has a timescale.
WARNING: [XSIM 43-4099] "C:/Users/SPC/Desktop/VLSI Projects/Thermal Aware MAC Array/thermal_aware_mac_array/thermal_aware_mac_array.srcs/sources_1/new/systolic_mac_cell.sv" Line 1. Module systolic_mac_cell doesn't have a timescale but at least one module in design has a timescale.
WARNING: [XSIM 43-4099] "C:/Users/SPC/Desktop/VLSI Projects/Thermal Aware MAC Array/thermal_aware_mac_array/thermal_aware_mac_array.srcs/sources_1/new/systolic_mac_cell.sv" Line 1. Module systolic_mac_cell doesn't have a timescale but at least one module in design has a timescale.
WARNING: [XSIM 43-4099] "C:/Users/SPC/Desktop/VLSI Projects/Thermal Aware MAC Array/thermal_aware_mac_array/thermal_aware_mac_array.srcs/sources_1/new/systolic_mac_cell.sv" Line 1. Module systolic_mac_cell doesn't have a timescale but at least one module in design has a timescale.
WARNING: [XSIM 43-4099] "C:/Users/SPC/Desktop/VLSI Projects/Thermal Aware MAC Array/thermal_aware_mac_array/thermal_aware_mac_array.srcs/sources_1/new/systolic_mac_cell.sv" Line 1. Module systolic_mac_cell doesn't have a timescale but at least one module in design has a timescale.
WARNING: [XSIM 43-4099] "C:/Users/SPC/Desktop/VLSI Projects/Thermal Aware MAC Array/thermal_aware_mac_array/thermal_aware_mac_array.srcs/sources_1/new/systolic_mac_cell.sv" Line 1. Module systolic_mac_cell doesn't have a timescale but at least one module in design has a timescale.
WARNING: [XSIM 43-4099] "C:/Users/SPC/Desktop/VLSI Projects/Thermal Aware MAC Array/thermal_aware_mac_array/thermal_aware_mac_array.srcs/sources_1/new/systolic_mac_cell.sv" Line 1. Module systolic_mac_cell doesn't have a timescale but at least one module in design has a timescale.
WARNING: [XSIM 43-4099] "C:/Users/SPC/Desktop/VLSI Projects/Thermal Aware MAC Array/thermal_aware_mac_array/thermal_aware_mac_array.srcs/sources_1/new/systolic_mac_cell.sv" Line 1. Module systolic_mac_cell doesn't have a timescale but at least one module in design has a timescale.
WARNING: [XSIM 43-4099] "C:/Users/SPC/Desktop/VLSI Projects/Thermal Aware MAC Array/thermal_aware_mac_array/thermal_aware_mac_array.srcs/sources_1/new/systolic_mac_cell.sv" Line 1. Module systolic_mac_cell doesn't have a timescale but at least one module in design has a timescale.
WARNING: [XSIM 43-4099] "C:/Users/SPC/Desktop/VLSI Projects/Thermal Aware MAC Array/thermal_aware_mac_array/thermal_aware_mac_array.srcs/sources_1/new/systolic_mac_cell.sv" Line 1. Module systolic_mac_cell doesn't have a timescale but at least one module in design has a timescale.
WARNING: [XSIM 43-4099] "C:/Users/SPC/Desktop/VLSI Projects/Thermal Aware MAC Array/thermal_aware_mac_array/thermal_aware_mac_array.srcs/sources_1/new/systolic_mac_cell.sv" Line 1. Module systolic_mac_cell doesn't have a timescale but at least one module in design has a timescale.
WARNING: [XSIM 43-4099] "C:/Users/SPC/Desktop/VLSI Projects/Thermal Aware MAC Array/thermal_aware_mac_array/thermal_aware_mac_array.srcs/sources_1/new/systolic_mac_cell.sv" Line 1. Module systolic_mac_cell doesn't have a timescale but at least one module in design has a timescale.
WARNING: [XSIM 43-4099] "C:/Users/SPC/Desktop/VLSI Projects/Thermal Aware MAC Array/thermal_aware_mac_array/thermal_aware_mac_array.srcs/sources_1/new/systolic_mac_cell.sv" Line 1. Module systolic_mac_cell doesn't have a timescale but at least one module in design has a timescale.
WARNING: [XSIM 43-4099] "C:/Users/SPC/Desktop/VLSI Projects/Thermal Aware MAC Array/thermal_aware_mac_array/thermal_aware_mac_array.srcs/sources_1/new/systolic_mac_cell.sv" Line 1. Module systolic_mac_cell doesn't have a timescale but at least one module in design has a timescale.
WARNING: [XSIM 43-4099] "C:/Users/SPC/Desktop/VLSI Projects/Thermal Aware MAC Array/thermal_aware_mac_array/thermal_aware_mac_array.srcs/sources_1/new/systolic_mac_cell.sv" Line 1. Module systolic_mac_cell doesn't have a timescale but at least one module in design has a timescale.
WARNING: [XSIM 43-4099] "C:/Users/SPC/Desktop/VLSI Projects/Thermal Aware MAC Array/thermal_aware_mac_array/thermal_aware_mac_array.srcs/sources_1/new/systolic_mac_cell.sv" Line 1. Module systolic_mac_cell doesn't have a timescale but at least one module in design has a timescale.
WARNING: [XSIM 43-4099] "C:/Users/SPC/Desktop/VLSI Projects/Thermal Aware MAC Array/thermal_aware_mac_array/thermal_aware_mac_array.srcs/sources_1/new/systolic_mac_cell.sv" Line 1. Module systolic_mac_cell doesn't have a timescale but at least one module in design has a timescale.
WARNING: [XSIM 43-4099] "C:/Users/SPC/Desktop/VLSI Projects/Thermal Aware MAC Array/thermal_aware_mac_array/thermal_aware_mac_array.srcs/sources_1/new/systolic_mac_cell.sv" Line 1. Module systolic_mac_cell doesn't have a timescale but at least one module in design has a timescale.
WARNING: [XSIM 43-4099] "C:/Users/SPC/Desktop/VLSI Projects/Thermal Aware MAC Array/thermal_aware_mac_array/thermal_aware_mac_array.srcs/sources_1/new/systolic_mac_cell.sv" Line 1. Module systolic_mac_cell doesn't have a timescale but at least one module in design has a timescale.
WARNING: [XSIM 43-4099] "C:/Users/SPC/Desktop/VLSI Projects/Thermal Aware MAC Array/thermal_aware_mac_array/thermal_aware_mac_array.srcs/sources_1/new/systolic_mac_cell.sv" Line 1. Module systolic_mac_cell doesn't have a timescale but at least one module in design has a timescale.
WARNING: [XSIM 43-4099] "C:/Users/SPC/Desktop/VLSI Projects/Thermal Aware MAC Array/thermal_aware_mac_array/thermal_aware_mac_array.srcs/sources_1/new/systolic_mac_cell.sv" Line 1. Module systolic_mac_cell doesn't have a timescale but at least one module in design has a timescale.
WARNING: [XSIM 43-4099] "C:/Users/SPC/Desktop/VLSI Projects/Thermal Aware MAC Array/thermal_aware_mac_array/thermal_aware_mac_array.srcs/sources_1/new/systolic_mac_cell.sv" Line 1. Module systolic_mac_cell doesn't have a timescale but at least one module in design has a timescale.
WARNING: [XSIM 43-4099] "C:/Users/SPC/Desktop/VLSI Projects/Thermal Aware MAC Array/thermal_aware_mac_array/thermal_aware_mac_array.srcs/sources_1/new/systolic_mac_cell.sv" Line 1. Module systolic_mac_cell doesn't have a timescale but at least one module in design has a timescale.
WARNING: [XSIM 43-4099] "C:/Users/SPC/Desktop/VLSI Projects/Thermal Aware MAC Array/thermal_aware_mac_array/thermal_aware_mac_array.srcs/sources_1/new/systolic_mac_cell.sv" Line 1. Module systolic_mac_cell doesn't have a timescale but at least one module in design has a timescale.
WARNING: [XSIM 43-4099] "C:/Users/SPC/Desktop/VLSI Projects/Thermal Aware MAC Array/thermal_aware_mac_array/thermal_aware_mac_array.srcs/sources_1/new/systolic_mac_cell.sv" Line 1. Module systolic_mac_cell doesn't have a timescale but at least one module in design has a timescale.
WARNING: [XSIM 43-4099] "C:/Users/SPC/Desktop/VLSI Projects/Thermal Aware MAC Array/thermal_aware_mac_array/thermal_aware_mac_array.srcs/sources_1/new/systolic_mac_cell.sv" Line 1. Module systolic_mac_cell doesn't have a timescale but at least one module in design has a timescale.
WARNING: [XSIM 43-4099] "C:/Users/SPC/Desktop/VLSI Projects/Thermal Aware MAC Array/thermal_aware_mac_array/thermal_aware_mac_array.srcs/sources_1/new/systolic_mac_cell.sv" Line 1. Module systolic_mac_cell doesn't have a timescale but at least one module in design has a timescale.
WARNING: [XSIM 43-4099] "C:/Users/SPC/Desktop/VLSI Projects/Thermal Aware MAC Array/thermal_aware_mac_array/thermal_aware_mac_array.srcs/sources_1/new/systolic_mac_cell.sv" Line 1. Module systolic_mac_cell doesn't have a timescale but at least one module in design has a timescale.
WARNING: [XSIM 43-4099] "C:/Users/SPC/Desktop/VLSI Projects/Thermal Aware MAC Array/thermal_aware_mac_array/thermal_aware_mac_array.srcs/sources_1/new/systolic_mac_cell.sv" Line 1. Module systolic_mac_cell doesn't have a timescale but at least one module in design has a timescale.
WARNING: [XSIM 43-4099] "C:/Users/SPC/Desktop/VLSI Projects/Thermal Aware MAC Array/thermal_aware_mac_array/thermal_aware_mac_array.srcs/sources_1/new/systolic_mac_cell.sv" Line 1. Module systolic_mac_cell doesn't have a timescale but at least one module in design has a timescale.
WARNING: [XSIM 43-4099] "C:/Users/SPC/Desktop/VLSI Projects/Thermal Aware MAC Array/thermal_aware_mac_array/thermal_aware_mac_array.srcs/sources_1/new/systolic_mac_cell.sv" Line 1. Module systolic_mac_cell doesn't have a timescale but at least one module in design has a timescale.
WARNING: [XSIM 43-4099] "C:/Users/SPC/Desktop/VLSI Projects/Thermal Aware MAC Array/thermal_aware_mac_array/thermal_aware_mac_array.srcs/sources_1/new/systolic_mac_cell.sv" Line 1. Module systolic_mac_cell doesn't have a timescale but at least one module in design has a timescale.
INFO: [Common 17-14] Message 'XSIM 43-4099' appears 100 times and further instances of the messages will be disabled. Use the Tcl command set_msg_config to change the current settings.
Completed simulation data flow analysis
Time Resolution for simulation is 1ps
Compiling module xil_defaultlib.systolic_mac_cell
Compiling module xil_defaultlib.systolic_mac_array(N=16)
Compiling module xil_defaultlib.tb_systolic_mac_array
Compiling module xil_defaultlib.glbl
Built simulation snapshot tb_systolic_mac_array_behav
